#
# There is insufficient memory for the Java Runtime Environment to continue.
# Native memory allocation (malloc) failed to allocate 1181392 bytes for Chunk::new
# Possible reasons:
#   The system is out of physical RAM or swap space
#   In 32 bit mode, the process size limit was hit
# Possible solutions:
#   Reduce memory load on the system
#   Increase physical memory or swap space
#   Check if swap backing store is full
#   Use 64 bit Java on a 64 bit OS
#   Decrease Java heap size (-Xmx/-Xms)
#   Decrease number of Java threads
#   Decrease Java thread stack sizes (-Xss)
#   Set larger code cache with -XX:ReservedCodeCacheSize=
# This output file may be truncated or incomplete.
#
#  Out of Memory Error (allocation.cpp:390), pid=6364, tid=0x0000000000002f6c
#
# JRE version: Java(TM) SE Runtime Environment (8.0_161-b12) (build 1.8.0_161-b12)
# Java VM: Java HotSpot(TM) 64-Bit Server VM (25.161-b12 mixed mode windows-amd64 compressed oops)
# Failed to write core dump. Minidumps are not enabled by default on client versions of Windows
#

---------------  T H R E A D  ---------------

Current thread (0x0000000017fb1000):  JavaThread "C2 CompilerThread1" daemon [_thread_in_native, id=12140, stack(0x00000000186a0000,0x00000000187a0000)]

Stack: [0x00000000186a0000,0x00000000187a0000]
[error occurred during error reporting (printing stack bounds), id 0xc0000005]

Native frames: (J=compiled Java code, j=interpreted, Vv=VM code, C=native code)


Current CompileTask:
C2: 145572 14265   !   4       org.gradle.api.internal.AbstractClassGenerator::generateUnderLock (1055 bytes)


---------------  P R O C E S S  ---------------

Java Threads: ( => current thread )
  0x000000001a181000 JavaThread "png-cruncher_150" daemon [_thread_new, id=10588, stack(0x0000000000000000,0x0000000000000000)]
  0x000000001a17c800 JavaThread "png-cruncher_149" daemon [_thread_new, id=11716, stack(0x0000000000000000,0x0000000000000000)]
  0x000000001a17e000 JavaThread "png-cruncher_148" daemon [_thread_new, id=11072, stack(0x0000000000000000,0x0000000000000000)]
  0x0000000019fc4800 JavaThread "png-cruncher_147" daemon [_thread_new, id=5592, stack(0x0000000000000000,0x0000000000000000)]
  0x0000000019fc2800 JavaThread "png-cruncher_146" daemon [_thread_new, id=9444, stack(0x0000000000000000,0x0000000000000000)]
  0x0000000019fc8800 JavaThread "png-cruncher_145" daemon [_thread_new, id=5072, stack(0x0000000000000000,0x0000000000000000)]
  0x0000000019fc9000 JavaThread "png-cruncher_144" daemon [_thread_new, id=10736, stack(0x0000000000000000,0x0000000000000000)]
  0x0000000019fc3000 JavaThread "png-cruncher_143" daemon [_thread_new, id=8052, stack(0x0000000000000000,0x0000000000000000)]
  0x0000000019fc7800 JavaThread "png-cruncher_142" daemon [_thread_new, id=6196, stack(0x0000000000000000,0x0000000000000000)]
  0x0000000019fc7000 JavaThread "png-cruncher_141" daemon [_thread_new, id=4300, stack(0x0000000000000000,0x0000000000000000)]
  0x0000000019fc5800 JavaThread "png-cruncher_140" daemon [_thread_new, id=9316, stack(0x0000000000000000,0x0000000000000000)]
  0x0000000019fc6000 JavaThread "png-cruncher_139" daemon [_thread_new, id=10908, stack(0x0000000000000000,0x0000000000000000)]
  0x0000000019fc4000 JavaThread "png-cruncher_138" daemon [_thread_new, id=9484, stack(0x0000000000000000,0x0000000000000000)]
  0x0000000019fba800 JavaThread "png-cruncher_137" daemon [_thread_new, id=11032, stack(0x0000000000000000,0x0000000000000000)]
  0x0000000019fbd800 JavaThread "png-cruncher_136" daemon [_thread_new, id=2092, stack(0x0000000000000000,0x0000000000000000)]
  0x0000000019fbd000 JavaThread "stdout" daemon [_thread_in_native, id=12136, stack(0x0000000045fa0000,0x00000000460a0000)]
  0x0000000019fba000 JavaThread "stderr" daemon [_thread_in_native, id=11992, stack(0x0000000045ea0000,0x0000000045fa0000)]
  0x0000000019fbb800 JavaThread "stdout" daemon [_thread_in_native, id=2324, stack(0x0000000045da0000,0x0000000045ea0000)]
  0x0000000019fbe800 JavaThread "stderr" daemon [_thread_in_native, id=10924, stack(0x0000000045ca0000,0x0000000045da0000)]
  0x0000000019fc0800 JavaThread "stdout" daemon [_thread_in_native, id=11772, stack(0x0000000045ba0000,0x0000000045ca0000)]
  0x000000001995b000 JavaThread "stderr" daemon [_thread_in_native, id=11384, stack(0x0000000045aa0000,0x0000000045ba0000)]
  0x000000001995a000 JavaThread "stdout" daemon [_thread_in_native, id=5672, stack(0x00000000459a0000,0x0000000045aa0000)]
  0x0000000019959800 JavaThread "stderr" daemon [_thread_in_native, id=10904, stack(0x00000000458a0000,0x00000000459a0000)]
  0x0000000019958800 JavaThread "stdout" daemon [_thread_in_native, id=6676, stack(0x00000000457a0000,0x00000000458a0000)]
  0x0000000019958000 JavaThread "stderr" daemon [_thread_in_native, id=8128, stack(0x00000000456a0000,0x00000000457a0000)]
  0x0000000019956800 JavaThread "pool-12-thread-1" [_thread_in_native, id=7024, stack(0x00000000455a0000,0x00000000456a0000)]
  0x0000000019957000 JavaThread "png-cruncher_135" daemon [_thread_blocked, id=8240, stack(0x00000000454a0000,0x00000000455a0000)]
  0x000000001995b800 JavaThread "png-cruncher_134" daemon [_thread_blocked, id=9340, stack(0x00000000453a0000,0x00000000454a0000)]
  0x0000000019950800 JavaThread "png-cruncher_133" daemon [_thread_blocked, id=11020, stack(0x00000000452a0000,0x00000000453a0000)]
  0x0000000019955800 JavaThread "png-cruncher_132" daemon [_thread_blocked, id=5996, stack(0x00000000451a0000,0x00000000452a0000)]
  0x000000001994f800 JavaThread "png-cruncher_131" daemon [_thread_blocked, id=5324, stack(0x00000000450a0000,0x00000000451a0000)]
  0x0000000019955000 JavaThread "pool-11-thread-4" [_thread_in_native, id=2764, stack(0x0000000044fa0000,0x00000000450a0000)]
  0x0000000019954000 JavaThread "pool-11-thread-3" [_thread_in_native, id=10776, stack(0x0000000044ea0000,0x0000000044fa0000)]
  0x000000001994c800 JavaThread "pool-11-thread-2" [_thread_in_native, id=11704, stack(0x0000000044da0000,0x0000000044ea0000)]
  0x0000000019952000 JavaThread "pool-11-thread-1" [_thread_in_native, id=4016, stack(0x0000000044ca0000,0x0000000044da0000)]
  0x0000000019953800 JavaThread "Stdin handler" [_thread_blocked, id=5792, stack(0x0000000044ba0000,0x0000000044ca0000)]
  0x0000000019951000 JavaThread "Asynchronous log dispatcher for org.gradle.launcher.daemon.server.DefaultDaemonConnection@714a67a1" [_thread_blocked, id=10252, stack(0x0000000044aa0000,0x0000000044ba0000)]
  0x0000000019952800 JavaThread "Cancel handler" [_thread_blocked, id=11224, stack(0x00000000449a0000,0x0000000044aa0000)]
  0x000000001994e000 JavaThread "Handler for socket connection from /127.0.0.1:61661 to /127.0.0.1:62148" [_thread_in_native, id=10724, stack(0x00000000448a0000,0x00000000449a0000)]
  0x000000001a180000 JavaThread "File lock request listener" [_thread_in_native, id=212, stack(0x000000001c360000,0x000000001c460000)]
  0x00000000199b9000 JavaThread "Daemon worker" [_thread_in_native, id=10144, stack(0x000000001aa90000,0x000000001ab90000)]
  0x0000000019afe000 JavaThread "Daemon" [_thread_blocked, id=10436, stack(0x000000001a790000,0x000000001a890000)]
  0x00000000198d9000 JavaThread "Incoming local TCP Connector on port 61661" [_thread_in_native, id=10432, stack(0x000000001a5f0000,0x000000001a6f0000)]
  0x0000000019f69800 JavaThread "pool-1-thread-1" [_thread_blocked, id=12224, stack(0x00000000192a0000,0x00000000193a0000)]
  0x0000000018034000 JavaThread "Service Thread" daemon [_thread_blocked, id=9144, stack(0x00000000188a0000,0x00000000189a0000)]
  0x0000000017fb4800 JavaThread "C1 CompilerThread2" daemon [_thread_blocked, id=10708, stack(0x00000000187a0000,0x00000000188a0000)]
=>0x0000000017fb1000 JavaThread "C2 CompilerThread1" daemon [_thread_in_native, id=12140, stack(0x00000000186a0000,0x00000000187a0000)]
  0x0000000016c9a000 JavaThread "C2 CompilerThread0" daemon [_thread_in_native, id=10196, stack(0x00000000185a0000,0x00000000186a0000)]
  0x0000000016c38000 JavaThread "Attach Listener" daemon [_thread_blocked, id=5260, stack(0x00000000184a0000,0x00000000185a0000)]
  0x0000000017fa8800 JavaThread "Signal Dispatcher" daemon [_thread_blocked, id=1384, stack(0x00000000183a0000,0x00000000184a0000)]
  0x0000000016c2a800 JavaThread "Finalizer" daemon [_thread_blocked, id=10048, stack(0x0000000017ea0000,0x0000000017fa0000)]
  0x00000000032c0000 JavaThread "Reference Handler" daemon [_thread_blocked, id=7448, stack(0x0000000017da0000,0x0000000017ea0000)]
  0x00000000031ce000 JavaThread "main" [_thread_blocked, id=4784, stack(0x0000000003070000,0x0000000003170000)]

Other Threads:
  0x0000000016c08000 VMThread [stack: 0x0000000017ca0000,0x0000000017da0000] [id=4528]
  0x0000000018058000 WatcherThread [stack: 0x00000000189a0000,0x0000000018aa0000] [id=11108]

VM state:not at safepoint (normal execution)

VM Mutex/Monitor currently owned by a thread: None

Heap:
 PSYoungGen      total 272896K, used 154432K [0x00000000e0000000, 0x00000000f3400000, 0x0000000100000000)
  eden space 245248K, 56% used [0x00000000e0000000,0x00000000e865bc20,0x00000000eef80000)
  from space 27648K, 60% used [0x00000000eef80000,0x00000000efff47b0,0x00000000f0a80000)
  to   space 27648K, 0% used [0x00000000f1900000,0x00000000f1900000,0x00000000f3400000)
 ParOldGen       total 153600K, used 52734K [0x00000000a0000000, 0x00000000a9600000, 0x00000000e0000000)
  object space 153600K, 34% used [0x00000000a0000000,0x00000000a337fb00,0x00000000a9600000)
 Metaspace       used 69373K, capacity 73496K, committed 73600K, reserved 1112064K
  class space    used 9227K, capacity 10313K, committed 10368K, reserved 1048576K

Card table byte_map: [0x0000000012690000,0x00000000129a0000] byte_map_base: 0x0000000012190000

Marking Bits: (ParMarkBitMap*) 0x0000000065e7f860
 Begin Bits: [0x0000000012fa0000, 0x00000000147a0000)
 End Bits:   [0x00000000147a0000, 0x0000000015fa0000)

Polling page: 0x0000000001090000

CodeCache: size=245760Kb used=43343Kb max_used=43343Kb free=202416Kb
 bounds [0x00000000032d0000, 0x0000000005d60000, 0x00000000122d0000]
 total_blobs=12583 nmethods=11797 adapters=698
 compilation: enabled

Compilation events (10 events):
Event: 145.394 Thread 0x0000000016c9a000 nmethod 14453 0x0000000005d59610 code [0x0000000005d597c0, 0x0000000005d5a3f8]
Event: 145.394 Thread 0x0000000016c9a000 14477   !   4       com.android.ide.common.res2.DataMerger::mergeData (576 bytes)
Event: 145.426 Thread 0x0000000017fb4800 14490       3       com.google.common.collect.MapMaker::<init> (34 bytes)
Event: 145.426 Thread 0x0000000017fb4800 nmethod 14490 0x0000000005d3fc50 code [0x0000000005d3fdc0, 0x0000000005d40010]
Event: 145.426 Thread 0x0000000017fb4800 14491       3       com.google.common.collect.MapMaker::makeMap (55 bytes)
Event: 145.427 Thread 0x0000000017fb4800 nmethod 14491 0x0000000005d4f010 code [0x0000000005d4f200, 0x0000000005d4f988]
Event: 145.456 Thread 0x0000000017fb4800 14493   !   2       com.google.common.cache.LocalCache$LoadingValueReference::loadFuture (122 bytes)
Event: 145.457 Thread 0x0000000017fb4800 nmethod 14493 0x0000000005d51850 code [0x0000000005d51b00, 0x0000000005d52538]
Event: 145.459 Thread 0x0000000017fb4800 14494   !   2       com.google.common.cache.LocalCache$Segment::getAndRecordStats (152 bytes)
Event: 145.460 Thread 0x0000000017fb4800 nmethod 14494 0x0000000005d5af90 code [0x0000000005d5b1e0, 0x0000000005d5bad8]

GC Heap History (10 events):
Event: 59.519 GC heap before
{Heap before GC invocations=21 (full 4):
 PSYoungGen      total 235520K, used 235518K [0x00000000e0000000, 0x00000000f1200000, 0x0000000100000000)
  eden space 211968K, 100% used [0x00000000e0000000,0x00000000ecf00000,0x00000000ecf00000)
  from space 23552K, 99% used [0x00000000eec80000,0x00000000f037fb38,0x00000000f0380000)
  to   space 30208K, 0% used [0x00000000ecf00000,0x00000000ecf00000,0x00000000eec80000)
 ParOldGen       total 153600K, used 52702K [0x00000000a0000000, 0x00000000a9600000, 0x00000000e0000000)
  object space 153600K, 34% used [0x00000000a0000000,0x00000000a3377b00,0x00000000a9600000)
 Metaspace       used 65386K, capacity 68038K, committed 68352K, reserved 1107968K
  class space    used 8742K, capacity 9387K, committed 9472K, reserved 1048576K
Event: 59.538 GC heap after
Heap after GC invocations=21 (full 4):
 PSYoungGen      total 242176K, used 11481K [0x00000000e0000000, 0x00000000f2200000, 0x0000000100000000)
  eden space 211968K, 0% used [0x00000000e0000000,0x00000000e0000000,0x00000000ecf00000)
  from space 30208K, 38% used [0x00000000ecf00000,0x00000000eda36568,0x00000000eec80000)
  to   space 28672K, 0% used [0x00000000f0600000,0x00000000f0600000,0x00000000f2200000)
 ParOldGen       total 153600K, used 52710K [0x00000000a0000000, 0x00000000a9600000, 0x00000000e0000000)
  object space 153600K, 34% used [0x00000000a0000000,0x00000000a3379b00,0x00000000a9600000)
 Metaspace       used 65386K, capacity 68038K, committed 68352K, reserved 1107968K
  class space    used 8742K, capacity 9387K, committed 9472K, reserved 1048576K
}
Event: 65.683 GC heap before
{Heap before GC invocations=22 (full 4):
 PSYoungGen      total 242176K, used 223449K [0x00000000e0000000, 0x00000000f2200000, 0x0000000100000000)
  eden space 211968K, 100% used [0x00000000e0000000,0x00000000ecf00000,0x00000000ecf00000)
  from space 30208K, 38% used [0x00000000ecf00000,0x00000000eda36568,0x00000000eec80000)
  to   space 28672K, 0% used [0x00000000f0600000,0x00000000f0600000,0x00000000f2200000)
 ParOldGen       total 153600K, used 52710K [0x00000000a0000000, 0x00000000a9600000, 0x00000000e0000000)
  object space 153600K, 34% used [0x00000000a0000000,0x00000000a3379b00,0x00000000a9600000)
 Metaspace       used 67103K, capacity 70422K, committed 70528K, reserved 1110016K
  class space    used 8964K, capacity 9831K, committed 9856K, reserved 1048576K
Event: 65.698 GC heap after
Heap after GC invocations=22 (full 4):
 PSYoungGen      total 242688K, used 10862K [0x00000000e0000000, 0x00000000f1400000, 0x0000000100000000)
  eden space 228352K, 0% used [0x00000000e0000000,0x00000000e0000000,0x00000000edf00000)
  from space 14336K, 75% used [0x00000000f0600000,0x00000000f109baf0,0x00000000f1400000)
  to   space 27136K, 0% used [0x00000000edf00000,0x00000000edf00000,0x00000000ef980000)
 ParOldGen       total 153600K, used 52718K [0x00000000a0000000, 0x00000000a9600000, 0x00000000e0000000)
  object space 153600K, 34% used [0x00000000a0000000,0x00000000a337bb00,0x00000000a9600000)
 Metaspace       used 67103K, capacity 70422K, committed 70528K, reserved 1110016K
  class space    used 8964K, capacity 9831K, committed 9856K, reserved 1048576K
}
Event: 69.085 GC heap before
{Heap before GC invocations=23 (full 4):
 PSYoungGen      total 242688K, used 239214K [0x00000000e0000000, 0x00000000f1400000, 0x0000000100000000)
  eden space 228352K, 100% used [0x00000000e0000000,0x00000000edf00000,0x00000000edf00000)
  from space 14336K, 75% used [0x00000000f0600000,0x00000000f109baf0,0x00000000f1400000)
  to   space 27136K, 0% used [0x00000000edf00000,0x00000000edf00000,0x00000000ef980000)
 ParOldGen       total 153600K, used 52718K [0x00000000a0000000, 0x00000000a9600000, 0x00000000e0000000)
  object space 153600K, 34% used [0x00000000a0000000,0x00000000a337bb00,0x00000000a9600000)
 Metaspace       used 67438K, capacity 70790K, committed 71040K, reserved 1110016K
  class space    used 8976K, capacity 9839K, committed 9856K, reserved 1048576K
Event: 69.118 GC heap after
Heap after GC invocations=23 (full 4):
 PSYoungGen      total 255488K, used 21884K [0x00000000e0000000, 0x00000000f2c00000, 0x0000000100000000)
  eden space 228352K, 0% used [0x00000000e0000000,0x00000000e0000000,0x00000000edf00000)
  from space 27136K, 80% used [0x00000000edf00000,0x00000000ef45f180,0x00000000ef980000)
  to   space 29184K, 0% used [0x00000000f0f80000,0x00000000f0f80000,0x00000000f2c00000)
 ParOldGen       total 153600K, used 52718K [0x00000000a0000000, 0x00000000a9600000, 0x00000000e0000000)
  object space 153600K, 34% used [0x00000000a0000000,0x00000000a337bb00,0x00000000a9600000)
 Metaspace       used 67438K, capacity 70790K, committed 71040K, reserved 1110016K
  class space    used 8976K, capacity 9839K, committed 9856K, reserved 1048576K
}
Event: 97.645 GC heap before
{Heap before GC invocations=24 (full 4):
 PSYoungGen      total 255488K, used 250236K [0x00000000e0000000, 0x00000000f2c00000, 0x0000000100000000)
  eden space 228352K, 100% used [0x00000000e0000000,0x00000000edf00000,0x00000000edf00000)
  from space 27136K, 80% used [0x00000000edf00000,0x00000000ef45f180,0x00000000ef980000)
  to   space 29184K, 0% used [0x00000000f0f80000,0x00000000f0f80000,0x00000000f2c00000)
 ParOldGen       total 153600K, used 52718K [0x00000000a0000000, 0x00000000a9600000, 0x00000000e0000000)
  object space 153600K, 34% used [0x00000000a0000000,0x00000000a337bb00,0x00000000a9600000)
 Metaspace       used 67961K, capacity 71574K, committed 71680K, reserved 1112064K
  class space    used 9038K, capacity 9957K, committed 9984K, reserved 1048576K
Event: 97.676 GC heap after
Heap after GC invocations=24 (full 4):
 PSYoungGen      total 267776K, used 12233K [0x00000000e0000000, 0x00000000f2580000, 0x0000000100000000)
  eden space 245248K, 0% used [0x00000000e0000000,0x00000000e0000000,0x00000000eef80000)
  from space 22528K, 54% used [0x00000000f0f80000,0x00000000f1b724a8,0x00000000f2580000)
  to   space 27648K, 0% used [0x00000000eef80000,0x00000000eef80000,0x00000000f0a80000)
 ParOldGen       total 153600K, used 52726K [0x00000000a0000000, 0x00000000a9600000, 0x00000000e0000000)
  object space 153600K, 34% used [0x00000000a0000000,0x00000000a337db00,0x00000000a9600000)
 Metaspace       used 67961K, capacity 71574K, committed 71680K, reserved 1112064K
  class space    used 9038K, capacity 9957K, committed 9984K, reserved 1048576K
}
Event: 143.907 GC heap before
{Heap before GC invocations=25 (full 4):
 PSYoungGen      total 267776K, used 257481K [0x00000000e0000000, 0x00000000f2580000, 0x0000000100000000)
  eden space 245248K, 100% used [0x00000000e0000000,0x00000000eef80000,0x00000000eef80000)
  from space 22528K, 54% used [0x00000000f0f80000,0x00000000f1b724a8,0x00000000f2580000)
  to   space 27648K, 0% used [0x00000000eef80000,0x00000000eef80000,0x00000000f0a80000)
 ParOldGen       total 153600K, used 52726K [0x00000000a0000000, 0x00000000a9600000, 0x00000000e0000000)
  object space 153600K, 34% used [0x00000000a0000000,0x00000000a337db00,0x00000000a9600000)
 Metaspace       used 69113K, capacity 73194K, committed 73344K, reserved 1112064K
  class space    used 9214K, capacity 10268K, committed 10368K, reserved 1048576K
Event: 143.922 GC heap after
Heap after GC invocations=25 (full 4):
 PSYoungGen      total 272896K, used 16849K [0x00000000e0000000, 0x00000000f3400000, 0x0000000100000000)
  eden space 245248K, 0% used [0x00000000e0000000,0x00000000e0000000,0x00000000eef80000)
  from space 27648K, 60% used [0x00000000eef80000,0x00000000efff47b0,0x00000000f0a80000)
  to   space 27648K, 0% used [0x00000000f1900000,0x00000000f1900000,0x00000000f3400000)
 ParOldGen       total 153600K, used 52734K [0x00000000a0000000, 0x00000000a9600000, 0x00000000e0000000)
  object space 153600K, 34% used [0x00000000a0000000,0x00000000a337fb00,0x00000000a9600000)
 Metaspace       used 69113K, capacity 73194K, committed 73344K, reserved 1112064K
  class space    used 9214K, capacity 10268K, committed 10368K, reserved 1048576K
}

Deoptimization events (10 events):
Event: 142.996 Thread 0x00000000199b9000 Uncommon trap: reason=class_check action=maybe_recompile pc=0x0000000004007eb4 method=com.google.gson.stream.JsonReader.fillBuffer(I)Z @ 85
Event: 143.005 Thread 0x00000000199b9000 Uncommon trap: reason=null_check action=make_not_entrant pc=0x00000000042892b0 method=org.gradle.api.internal.collections.CollectionFilter.filter(Ljava/lang/Object;)Ljava/lang/Object; @ 5
Event: 144.971 Thread 0x00000000199b9000 Uncommon trap: reason=unstable_if action=reinterpret pc=0x000000000515c838 method=com.sun.org.apache.xerces.internal.impl.XMLEntityScanner.arrangeCapacity(IZ)Z @ 59
Event: 144.976 Thread 0x00000000199b9000 Uncommon trap: reason=unstable_if action=reinterpret pc=0x00000000040af6d8 method=sun.nio.cs.UTF_8$Decoder.decodeArrayLoop(Ljava/nio/ByteBuffer;Ljava/nio/CharBuffer;)Ljava/nio/charset/CoderResult; @ 287
Event: 144.984 Thread 0x00000000199b9000 Uncommon trap: reason=class_check action=maybe_recompile pc=0x0000000004dd8354 method=com.sun.org.apache.xerces.internal.dom.ElementNSImpl.getLocalName()Ljava/lang/String; @ 8
Event: 144.984 Thread 0x00000000199b9000 Uncommon trap: reason=unstable_if action=reinterpret pc=0x000000000486b99c method=com.sun.org.apache.xerces.internal.dom.NodeImpl.needsSyncChildren()Z @ 6
Event: 144.984 Thread 0x00000000199b9000 Uncommon trap: reason=class_check action=maybe_recompile pc=0x0000000004dd8354 method=com.sun.org.apache.xerces.internal.dom.ElementNSImpl.getLocalName()Ljava/lang/String; @ 8
Event: 144.984 Thread 0x00000000199b9000 Uncommon trap: reason=class_check action=maybe_recompile pc=0x0000000004dd8354 method=com.sun.org.apache.xerces.internal.dom.ElementNSImpl.getLocalName()Ljava/lang/String; @ 8
Event: 144.984 Thread 0x00000000199b9000 Uncommon trap: reason=class_check action=maybe_recompile pc=0x0000000004dd8354 method=com.sun.org.apache.xerces.internal.dom.ElementNSImpl.getLocalName()Ljava/lang/String; @ 8
Event: 145.266 Thread 0x00000000199b9000 Uncommon trap: reason=null_check action=make_not_entrant pc=0x0000000005d1dcec method=com.sun.org.apache.xerces.internal.dom.NamedNodeMapImpl.findNamePoint(Ljava/lang/String;Ljava/lang/String;)I @ 105

Classes redefined (0 events):
No events

Internal exceptions (10 events):
Event: 143.831 Thread 0x00000000199b9000 Exception <a 'sun/nio/fs/WindowsException'> (0x00000000ee2ee900) thrown at [C:\re\workspace\8-2-build-windows-amd64-cygwin\jdk8u161\10277\hotspot\src\share\vm\prims\jni.cpp, line 709]
Event: 143.831 Thread 0x00000000199b9000 Exception <a 'sun/nio/fs/WindowsException'> (0x00000000ee2f0e08) thrown at [C:\re\workspace\8-2-build-windows-amd64-cygwin\jdk8u161\10277\hotspot\src\share\vm\prims\jni.cpp, line 709]
Event: 143.832 Thread 0x00000000199b9000 Exception <a 'sun/nio/fs/WindowsException'> (0x00000000ee2f1798) thrown at [C:\re\workspace\8-2-build-windows-amd64-cygwin\jdk8u161\10277\hotspot\src\share\vm\prims\jni.cpp, line 709]
Event: 143.832 Thread 0x00000000199b9000 Exception <a 'sun/nio/fs/WindowsException'> (0x00000000ee2f3338) thrown at [C:\re\workspace\8-2-build-windows-amd64-cygwin\jdk8u161\10277\hotspot\src\share\vm\prims\jni.cpp, line 709]
Event: 143.832 Thread 0x00000000199b9000 Exception <a 'sun/nio/fs/WindowsException'> (0x00000000ee2f3cd8) thrown at [C:\re\workspace\8-2-build-windows-amd64-cygwin\jdk8u161\10277\hotspot\src\share\vm\prims\jni.cpp, line 709]
Event: 143.832 Thread 0x00000000199b9000 Exception <a 'sun/nio/fs/WindowsException'> (0x00000000ee2f6808) thrown at [C:\re\workspace\8-2-build-windows-amd64-cygwin\jdk8u161\10277\hotspot\src\share\vm\prims\jni.cpp, line 709]
Event: 143.832 Thread 0x00000000199b9000 Exception <a 'sun/nio/fs/WindowsException'> (0x00000000ee2f7118) thrown at [C:\re\workspace\8-2-build-windows-amd64-cygwin\jdk8u161\10277\hotspot\src\share\vm\prims\jni.cpp, line 709]
Event: 143.832 Thread 0x00000000199b9000 Exception <a 'sun/nio/fs/WindowsException'> (0x00000000ee2f8b78) thrown at [C:\re\workspace\8-2-build-windows-amd64-cygwin\jdk8u161\10277\hotspot\src\share\vm\prims\jni.cpp, line 709]
Event: 143.832 Thread 0x00000000199b9000 Exception <a 'sun/nio/fs/WindowsException'> (0x00000000ee2f9498) thrown at [C:\re\workspace\8-2-build-windows-amd64-cygwin\jdk8u161\10277\hotspot\src\share\vm\prims\jni.cpp, line 709]
Event: 145.266 Thread 0x00000000199b9000 Implicit null exception at 0x0000000005d1d1e9 to 0x0000000005d1dcd3

Events (10 events):
Event: 145.530 Thread 0x0000000019fc7000 Thread added: 0x0000000019fc7000
Event: 145.530 Thread 0x0000000019fc7800 Thread added: 0x0000000019fc7800
Event: 145.530 Thread 0x0000000019fc3000 Thread added: 0x0000000019fc3000
Event: 145.530 Thread 0x0000000019fc9000 Thread added: 0x0000000019fc9000
Event: 145.530 Thread 0x0000000019fc8800 Thread added: 0x0000000019fc8800
Event: 145.542 Thread 0x0000000019fc2800 Thread added: 0x0000000019fc2800
Event: 145.542 Thread 0x0000000019fc4800 Thread added: 0x0000000019fc4800
Event: 145.542 Thread 0x000000001a17e000 Thread added: 0x000000001a17e000
Event: 145.542 Thread 0x000000001a17c800 Thread added: 0x000000001a17c800
Event: 145.542 Thread 0x000000001a181000 Thread added: 0x000000001a181000


Dynamic libraries:
0x00007ff62e090000 - 0x00007ff62e0c7000 	D:\2.develop_tools\JAVA\JDK\bin\java.exe
0x00007ffde6f10000 - 0x00007ffde70e1000 	C:\Windows\SYSTEM32\ntdll.dll
0x00007ffde4f50000 - 0x00007ffde4ffb000 	C:\Windows\System32\KERNEL32.DLL
0x00007ffde35e0000 - 0x00007ffde37fd000 	C:\Windows\System32\KERNELBASE.dll
0x00007ffde48d0000 - 0x00007ffde4972000 	C:\Windows\System32\ADVAPI32.dll
0x00007ffde4dd0000 - 0x00007ffde4e6e000 	C:\Windows\System32\msvcrt.dll
0x00007ffde4870000 - 0x00007ffde48c9000 	C:\Windows\System32\sechost.dll
0x00007ffde4c60000 - 0x00007ffde4d81000 	C:\Windows\System32\RPCRT4.dll
0x00007ffde6da0000 - 0x00007ffde6f05000 	C:\Windows\System32\USER32.dll
0x00007ffde34b0000 - 0x00007ffde34ce000 	C:\Windows\System32\win32u.dll
0x00007ffde4d90000 - 0x00007ffde4dc4000 	C:\Windows\System32\GDI32.dll
0x00007ffde39d0000 - 0x00007ffde3b52000 	C:\Windows\System32\gdi32full.dll
0x00007ffdd7960000 - 0x00007ffdd7bda000 	C:\Windows\WinSxS\amd64_microsoft.windows.common-controls_6595b64144ccf1df_6.0.14393.953_none_42151e83c686086b\COMCTL32.dll
0x00007ffde45a0000 - 0x00007ffde4868000 	C:\Windows\System32\combase.dll
0x00007ffde3c60000 - 0x00007ffde3d55000 	C:\Windows\System32\ucrtbase.dll
0x00007ffde34d0000 - 0x00007ffde353a000 	C:\Windows\System32\bcryptPrimitives.dll
0x00007ffde4ab0000 - 0x00007ffde4ade000 	C:\Windows\System32\IMM32.DLL
0x0000000065f00000 - 0x0000000065fd2000 	D:\2.develop_tools\JAVA\JDK\jre\bin\msvcr100.dll
0x0000000065660000 - 0x0000000065eff000 	D:\2.develop_tools\JAVA\JDK\jre\bin\server\jvm.dll
0x00007ffde4e70000 - 0x00007ffde4e78000 	C:\Windows\System32\PSAPI.DLL
0x00007ffddf180000 - 0x00007ffddf18a000 	C:\Windows\SYSTEM32\VERSION.dll
0x00007ffde0670000 - 0x00007ffde0693000 	C:\Windows\SYSTEM32\WINMM.dll
0x00007ffdd9b80000 - 0x00007ffdd9b89000 	C:\Windows\SYSTEM32\WSOCK32.dll
0x00007ffde4e80000 - 0x00007ffde4eea000 	C:\Windows\System32\WS2_32.dll
0x00007ffde0610000 - 0x00007ffde063b000 	C:\Windows\SYSTEM32\winmmbase.dll
0x00007ffde3c10000 - 0x00007ffde3c52000 	C:\Windows\System32\cfgmgr32.dll
0x00000000678a0000 - 0x00000000678af000 	D:\2.develop_tools\JAVA\JDK\jre\bin\verify.dll
0x0000000065630000 - 0x0000000065659000 	D:\2.develop_tools\JAVA\JDK\jre\bin\java.dll
0x0000000067880000 - 0x0000000067896000 	D:\2.develop_tools\JAVA\JDK\jre\bin\zip.dll
0x00007ffde5750000 - 0x00007ffde6c59000 	C:\Windows\System32\SHELL32.dll
0x00007ffde3d60000 - 0x00007ffde443a000 	C:\Windows\System32\windows.storage.dll
0x00007ffde33b0000 - 0x00007ffde33fc000 	C:\Windows\System32\powrprof.dll
0x00007ffde4a40000 - 0x00007ffde4a92000 	C:\Windows\System32\shlwapi.dll
0x00007ffde3390000 - 0x00007ffde339f000 	C:\Windows\System32\kernel.appcore.dll
0x00007ffde3400000 - 0x00007ffde34a9000 	C:\Windows\System32\shcore.dll
0x00007ffde3370000 - 0x00007ffde3384000 	C:\Windows\System32\profapi.dll
0x0000000065610000 - 0x000000006562a000 	D:\2.develop_tools\JAVA\JDK\jre\bin\net.dll
0x00007ffde2c40000 - 0x00007ffde2c9c000 	C:\Windows\system32\mswsock.dll
0x00000000655f0000 - 0x0000000065601000 	D:\2.develop_tools\JAVA\JDK\jre\bin\nio.dll
0x00007ffdcb870000 - 0x00007ffdcb882000 	C:\Users\Administrator\.gradle\native\19\windows-amd64\native-platform.dll
0x00007ffde2de0000 - 0x00007ffde2df7000 	C:\Windows\SYSTEM32\CRYPTSP.dll
0x00007ffde2840000 - 0x00007ffde2873000 	C:\Windows\system32\rsaenh.dll
0x00007ffde32b0000 - 0x00007ffde32db000 	C:\Windows\SYSTEM32\bcrypt.dll
0x00007ffde2ac0000 - 0x00007ffde2adf000 	C:\Windows\SYSTEM32\USERENV.dll
0x00007ffde2e00000 - 0x00007ffde2e0b000 	C:\Windows\SYSTEM32\CRYPTBASE.dll
0x00007ffde29c0000 - 0x00007ffde29f8000 	C:\Windows\SYSTEM32\IPHLPAPI.DLL
0x00007ffde54a0000 - 0x00007ffde54a8000 	C:\Windows\System32\NSI.dll
0x00007ffddd3f0000 - 0x00007ffddd406000 	C:\Windows\SYSTEM32\dhcpcsvc6.DLL
0x00007ffddd370000 - 0x00007ffddd38a000 	C:\Windows\SYSTEM32\dhcpcsvc.DLL
0x00000000655e0000 - 0x00000000655ed000 	D:\2.develop_tools\JAVA\JDK\jre\bin\management.dll
0x00000000651c0000 - 0x00000000651e4000 	D:\2.develop_tools\JAVA\JDK\jre\bin\sunec.dll
0x00007ffde2a00000 - 0x00007ffde2aa1000 	C:\Windows\SYSTEM32\DNSAPI.dll
0x00007ffddb440000 - 0x00007ffddb44a000 	C:\Windows\System32\rasadhlp.dll
0x00007ffddb730000 - 0x00007ffddb79a000 	C:\Windows\System32\fwpuclnt.dll
0x00000000651b0000 - 0x00000000651bb000 	D:\2.develop_tools\JAVA\JDK\jre\bin\sunmscapi.dll
0x00007ffde3800000 - 0x00007ffde39c9000 	C:\Windows\System32\CRYPT32.dll
0x00007ffde33a0000 - 0x00007ffde33b0000 	C:\Windows\System32\MSASN1.dll

VM Arguments:
jvm_args: -Xmx1536m -Dfile.encoding=GBK -Duser.country=CN -Duser.language=zh -Duser.variant 
java_command: org.gradle.launcher.daemon.bootstrap.GradleDaemon 2.14.1
java_class_path (initial): C:\Users\Administrator\.gradle\wrapper\dists\gradle-2.14.1-all\8bnwg5hd3w55iofp58khbp6yv\gradle-2.14.1\lib\gradle-launcher-2.14.1.jar
Launcher Type: SUN_STANDARD

Environment Variables:
JAVA_HOME=D:\2.develop_tools\JAVA\JDK
PATH=C:\Windows\system32;C:\Windows;C:\Windows\System32\Wbem;C:\Windows\System32\WindowsPowerShell\v1.0\;C:\Windows\system32\config\systemprofile\.dnx\bin;C:\Program Files\Microsoft DNX\Dnvm\;C:\Program Files\Microsoft SQL Server\130\Tools\Binn\;D:\2.develop_tools\JAVA\JDK\bin;D:\2.develop_tools\JAVA\JDK\jre\bin;E:\Program Files (x86)\Microsoft SQL Server\100\Tools\Binn\;E:\Program Files\Microsoft SQL Server\100\Tools\Binn\;E:\Program Files\Microsoft SQL Server\100\DTS\Binn\;E:\Program Files (x86)\Microsoft SQL Server\100\Tools\Binn\VSShell\Common7\IDE\;C:\Program Files (x86)\Microsoft Visual Studio 9.0\Common7\IDE\PrivateAssemblies\;E:\Program Files (x86)\Microsoft SQL Server\100\DTS\Binn\;C:\Program Files\TortoiseSVN\bin;C:\Program Files\nodejs\;C:\Program Files\Git\cmd;C:\Users\Administrator\AppData\Local\Microsoft\WindowsApps;C:\Users\Administrator\AppData\Roaming\npm
USERNAME=Administrator
OS=Windows_NT
PROCESSOR_IDENTIFIER=AMD64 Family 23 Model 17 Stepping 0, AuthenticAMD



---------------  S Y S T E M  ---------------

OS: Windows 10.0 , 64 bit Build 14393 (10.0.14393.0)

CPU:total 4 (initial active 4) (4 cores per cpu, 1 threads per core) family 23 model 17 stepping 0, cmov, cx8, fxsr, mmx, sse, sse2, sse3, ssse3, sse4.1, sse4.2, popcnt, avx, avx2, aes, clmul, mmxext, 3dnowpref, lzcnt, sse4a, tsc, tscinvbit, tscinv, bmi1

Memory: 4k page, physical 7287484k(1379324k free), swap 8860348k(5624k free)

vm_info: Java HotSpot(TM) 64-Bit Server VM (25.161-b12) for windows-amd64 JRE (1.8.0_161-b12), built on Dec 19 2017 17:52:25 by "java_re" with MS VC++ 10.0 (VS2010)

time: Tue Jun 05 15:45:13 2018
elapsed time: 145 seconds (0d 0h 2m 25s)

